warning: variants `Slow` and `Fast` are never constructed
   --> src/main.rs:155:3
    |
154 | enum TickRate {
    |      -------- variants in this enum
155 |   Slow,
    |   ^^^^
156 |   Normal,
157 |   Fast,
    |   ^^^^
    |
    = note: `TickRate` has a derived impl for the trait `Clone`, but this is intentionally ignored during dead code analysis
    = note: `#[warn(dead_code)]` (part of `#[warn(unused)]`) on by default

warning: methods `increase` and `decrease` are never used
   --> src/main.rs:161:6
    |
160 | impl TickRate {
    | ------------- methods in this implementation
161 |   fn increase(&mut self) {
    |      ^^^^^^^^
...
169 |   fn decrease(&mut self) {
    |      ^^^^^^^^

warning: method `at` is never used
   --> src/view.rs:101:10
    |
100 | impl Cursor {
    | ----------- method in this implementation
101 |   pub fn at(&self, offset_row: f64, offset_col: f64) -> bool {
    |          ^^

warning: `conway_v2` (bin "conway_v2") generated 3 warnings
    Finished `dev` profile [unoptimized + debuginfo] target(s) in 0.05s
     Running `target/debug/conway_v2`
Failed to restore terminal: No such device or address (os error 6)
Error: Input/output error (os error 5)
Failed to show the cursor: Input/output error (os error 5)
